[0.005s] Invoking command in '/home/user/ros2_ws/src/build/px4_ros_com': CMAKE_PREFIX_PATH=${CMAKE_PREFIX_PATH}:/opt/ros/humble /usr/bin/cmake /home/user/ros2_ws/src/px4_ros_com -DCMAKE_INSTALL_PREFIX=/home/user/ros2_ws/src/install/px4_ros_com
[0.042s] -- The C compiler identification is GNU 11.4.0
[0.073s] -- The CXX compiler identification is GNU 11.4.0
[0.078s] -- Detecting C compiler ABI info
[0.127s] -- Detecting C compiler ABI info - done
[0.130s] -- Check for working C compiler: /usr/lib/ccache/cc - skipped
[0.130s] -- Detecting C compile features
[0.130s] -- Detecting C compile features - done
[0.132s] -- Detecting CXX compiler ABI info
[0.188s] -- Detecting CXX compiler ABI info - done
[0.191s] -- Check for working CXX compiler: /usr/lib/ccache/c++ - skipped
[0.191s] -- Detecting CXX compile features
[0.191s] -- Detecting CXX compile features - done
[0.193s] -- Found ament_cmake: 1.3.12 (/opt/ros/humble/share/ament_cmake/cmake)
[0.387s] -- Found Python3: /usr/bin/python3 (found version "3.10.12") found components: Interpreter 
[0.442s] -- Found builtin_interfaces: 1.2.2 (/opt/ros/humble/share/builtin_interfaces/cmake)
[0.464s] -- Found rosidl_generator_c: 3.1.7 (/opt/ros/humble/share/rosidl_generator_c/cmake)
[0.467s] -- Found rosidl_adapter: 3.1.7 (/opt/ros/humble/share/rosidl_adapter/cmake)
[0.473s] -- Found rosidl_generator_cpp: 3.1.7 (/opt/ros/humble/share/rosidl_generator_cpp/cmake)
[0.483s] -- Using all available rosidl_typesupport_c: rosidl_typesupport_fastrtps_c;rosidl_typesupport_introspection_c
[0.492s] -- Using all available rosidl_typesupport_cpp: rosidl_typesupport_fastrtps_cpp;rosidl_typesupport_introspection_cpp
[0.501s] -- Found eigen3_cmake_module: 0.1.1 (/opt/ros/humble/share/eigen3_cmake_module/cmake)
[0.507s] -- Found Eigen3: TRUE (found version "3.4.0") 
[0.509s] -- Found geometry_msgs: 4.9.0 (/opt/ros/humble/share/geometry_msgs/cmake)
[0.524s] -- Found px4_msgs: 2.0.1 (/home/user/ros2_ws/install/px4_msgs/share/px4_msgs/cmake)
[0.532s] -- Found rclcpp: 16.0.15 (/opt/ros/humble/share/rclcpp/cmake)
[0.558s] -- Found rmw_implementation_cmake: 6.1.2 (/opt/ros/humble/share/rmw_implementation_cmake/cmake)
[0.560s] -- Found rmw_fastrtps_cpp: 6.2.9 (/opt/ros/humble/share/rmw_fastrtps_cpp/cmake)
[0.622s] -- Found OpenSSL: /usr/lib/x86_64-linux-gnu/libcrypto.so (found version "3.0.2")  
[0.642s] -- Found FastRTPS: /opt/ros/humble/include  
[0.674s] -- Using RMW implementation 'rmw_fastrtps_cpp' as default
[0.680s] -- Looking for pthread.h
[0.731s] -- Looking for pthread.h - found
[0.731s] -- Performing Test CMAKE_HAVE_LIBC_PTHREAD
[0.782s] -- Performing Test CMAKE_HAVE_LIBC_PTHREAD - Success
[0.783s] -- Found Threads: TRUE  
[0.806s] -- Found sensor_msgs: 4.9.0 (/opt/ros/humble/share/sensor_msgs/cmake)
[0.818s] -- Found rclpy: 3.3.17 (/opt/ros/humble/share/rclpy/cmake)
[0.823s] -- Found ament_lint_auto: 0.12.14 (/opt/ros/humble/share/ament_lint_auto/cmake)
[0.896s] -- Added test 'copyright' to check source files copyright and LICENSE
[0.897s] -- Added test 'cppcheck' to perform static code analysis on C / C++ code
[0.898s] -- Configured cppcheck include dirs: /home/user/ros2_ws/src/px4_ros_com/include;$<BUILD_INTERFACE:/home/user/ros2_ws/src/px4_ros_com/include/px4_ros_com>
[0.898s] -- Configured cppcheck exclude dirs and/or files: 
[0.900s] -- Added test 'cpplint' to check C / C++ code against the Google style
[0.900s] -- Configured cpplint exclude dirs and/or files: 
[0.900s] -- Added test 'flake8' to check Python code syntax and style conventions
[0.901s] -- Added test 'lint_cmake' to check CMake code style
[0.901s] -- Added test 'pep257' to check Python code against some of the docstring style conventions in PEP 257
[0.903s] -- Added test 'uncrustify' to check C / C++ code style
[0.903s] -- Configured uncrustify additional arguments: 
[0.904s] -- Added test 'xmllint' to check XML markup files
[0.905s] -- Configuring done
[0.918s] -- Generating done
[0.923s] -- Build files have been written to: /home/user/ros2_ws/src/build/px4_ros_com
[0.929s] Invoked command in '/home/user/ros2_ws/src/build/px4_ros_com' returned '0': CMAKE_PREFIX_PATH=${CMAKE_PREFIX_PATH}:/opt/ros/humble /usr/bin/cmake /home/user/ros2_ws/src/px4_ros_com -DCMAKE_INSTALL_PREFIX=/home/user/ros2_ws/src/install/px4_ros_com
[0.930s] Invoking command in '/home/user/ros2_ws/src/build/px4_ros_com': CMAKE_PREFIX_PATH=${CMAKE_PREFIX_PATH}:/opt/ros/humble /usr/bin/cmake --build /home/user/ros2_ws/src/build/px4_ros_com -- -j20 -l20
[0.959s] [ 16%] [32mBuilding CXX object CMakeFiles/offboard_control_srv.dir/src/examples/offboard/offboard_control_srv.cpp.o[0m
[0.959s] [ 16%] [32mBuilding CXX object CMakeFiles/frame_transforms.dir/src/lib/frame_transforms.cpp.o[0m
[0.959s] [ 25%] [32mBuilding CXX object CMakeFiles/debug_vect_advertiser.dir/src/examples/advertisers/debug_vect_advertiser.cpp.o[0m
[0.962s] [ 33%] [32mBuilding CXX object CMakeFiles/offboard_control.dir/src/examples/offboard/offboard_control.cpp.o[0m
[0.963s] [ 50%] [32mBuilding CXX object CMakeFiles/vehicle_gps_position_listener.dir/src/examples/listeners/vehicle_gps_position_listener.cpp.o[0m
[0.963s] [ 50%] [32mBuilding CXX object CMakeFiles/sensor_combined_listener.dir/src/examples/listeners/sensor_combined_listener.cpp.o[0m
[0.964s] [ 50%] Built target ament_cmake_python_copy_px4_ros_com
[1.086s] running egg_info
[1.087s] creating px4_ros_com.egg-info
[1.095s] writing px4_ros_com.egg-info/PKG-INFO
[1.095s] writing dependency_links to px4_ros_com.egg-info/dependency_links.txt
[1.096s] writing top-level names to px4_ros_com.egg-info/top_level.txt
[1.096s] writing manifest file 'px4_ros_com.egg-info/SOURCES.txt'
[1.121s] reading manifest file 'px4_ros_com.egg-info/SOURCES.txt'
[1.121s] writing manifest file 'px4_ros_com.egg-info/SOURCES.txt'
[1.137s] [ 50%] Built target ament_cmake_python_build_px4_ros_com_egg
[3.781s] [ 58%] [32m[1mLinking CXX executable debug_vect_advertiser[0m
[3.908s] [ 58%] Built target debug_vect_advertiser
[4.159s] [ 66%] [32m[1mLinking CXX executable offboard_control[0m
[4.292s] [ 66%] Built target offboard_control
[4.544s] [ 75%] [32m[1mLinking CXX executable offboard_control_srv[0m
[4.685s] [ 75%] Built target offboard_control_srv
[5.100s] [ 83%] [32m[1mLinking CXX shared library libframe_transforms.so[0m
[5.255s] [ 83%] Built target frame_transforms
[5.697s] [ 91%] [32m[1mLinking CXX executable sensor_combined_listener[0m
[5.752s] [100%] [32m[1mLinking CXX executable vehicle_gps_position_listener[0m
[5.898s] [100%] Built target sensor_combined_listener
[5.958s] [100%] Built target vehicle_gps_position_listener
[5.964s] Invoked command in '/home/user/ros2_ws/src/build/px4_ros_com' returned '0': CMAKE_PREFIX_PATH=${CMAKE_PREFIX_PATH}:/opt/ros/humble /usr/bin/cmake --build /home/user/ros2_ws/src/build/px4_ros_com -- -j20 -l20
[5.972s] Invoking command in '/home/user/ros2_ws/src/build/px4_ros_com': CMAKE_PREFIX_PATH=${CMAKE_PREFIX_PATH}:/opt/ros/humble /usr/bin/cmake --install /home/user/ros2_ws/src/build/px4_ros_com
[5.976s] -- Install configuration: ""
[5.976s] -- Installing: /home/user/ros2_ws/src/install/px4_ros_com/lib/px4_ros_com/sensor_combined_listener
[5.977s] -- Set runtime path of "/home/user/ros2_ws/src/install/px4_ros_com/lib/px4_ros_com/sensor_combined_listener" to ""
[5.977s] -- Installing: /home/user/ros2_ws/src/install/px4_ros_com/lib/px4_ros_com/vehicle_gps_position_listener
[5.979s] -- Set runtime path of "/home/user/ros2_ws/src/install/px4_ros_com/lib/px4_ros_com/vehicle_gps_position_listener" to ""
[5.979s] -- Installing: /home/user/ros2_ws/src/install/px4_ros_com/lib/px4_ros_com/debug_vect_advertiser
[5.979s] -- Set runtime path of "/home/user/ros2_ws/src/install/px4_ros_com/lib/px4_ros_com/debug_vect_advertiser" to ""
[5.979s] -- Installing: /home/user/ros2_ws/src/install/px4_ros_com/lib/px4_ros_com/offboard_control
[5.980s] -- Set runtime path of "/home/user/ros2_ws/src/install/px4_ros_com/lib/px4_ros_com/offboard_control" to ""
[5.980s] -- Installing: /home/user/ros2_ws/src/install/px4_ros_com/lib/px4_ros_com/offboard_control_srv
[5.980s] -- Set runtime path of "/home/user/ros2_ws/src/install/px4_ros_com/lib/px4_ros_com/offboard_control_srv" to ""
[5.980s] -- Installing: /home/user/ros2_ws/src/install/px4_ros_com/share/px4_ros_com/environment/library_path.sh
[5.981s] -- Installing: /home/user/ros2_ws/src/install/px4_ros_com/share/px4_ros_com/environment/library_path.dsv
[5.981s] -- Installing: /home/user/ros2_ws/src/install/px4_ros_com/include/px4_ros_com
[5.981s] -- Installing: /home/user/ros2_ws/src/install/px4_ros_com/include/px4_ros_com/frame_transforms.h
[5.981s] -- Installing: /home/user/ros2_ws/src/install/px4_ros_com/lib/libframe_transforms.so
[5.982s] -- Set runtime path of "/home/user/ros2_ws/src/install/px4_ros_com/lib/libframe_transforms.so" to ""
[5.982s] -- Installing: /home/user/ros2_ws/src/install/px4_ros_com/share/px4_ros_com//launch
[5.982s] -- Installing: /home/user/ros2_ws/src/install/px4_ros_com/share/px4_ros_com//launch/offboard_control_launch.yaml
[5.982s] -- Installing: /home/user/ros2_ws/src/install/px4_ros_com/share/px4_ros_com//launch/sensor_combined_listener.launch.py
[5.982s] -- Installing: /home/user/ros2_ws/src/install/px4_ros_com/share/px4_ros_com//test
[5.982s] -- Installing: /home/user/ros2_ws/src/install/px4_ros_com/share/px4_ros_com//test/pipeline_io_test.py
[5.982s] -- Installing: /home/user/ros2_ws/src/install/px4_ros_com/share/px4_ros_com//test/test_input.py
[5.982s] -- Installing: /home/user/ros2_ws/src/install/px4_ros_com/share/px4_ros_com//test/test_output.py
[5.982s] -- Installing: /home/user/ros2_ws/src/install/px4_ros_com/share/px4_ros_com//test/__init__.py
[5.982s] -- Installing: /home/user/ros2_ws/src/install/px4_ros_com/share/px4_ros_com/environment/pythonpath.sh
[5.983s] -- Installing: /home/user/ros2_ws/src/install/px4_ros_com/share/px4_ros_com/environment/pythonpath.dsv
[5.983s] -- Installing: /home/user/ros2_ws/src/install/px4_ros_com/local/lib/python3.10/dist-packages/px4_ros_com-0.1.0-py3.10.egg-info
[5.983s] -- Installing: /home/user/ros2_ws/src/install/px4_ros_com/local/lib/python3.10/dist-packages/px4_ros_com-0.1.0-py3.10.egg-info/SOURCES.txt
[5.983s] -- Installing: /home/user/ros2_ws/src/install/px4_ros_com/local/lib/python3.10/dist-packages/px4_ros_com-0.1.0-py3.10.egg-info/top_level.txt
[5.983s] -- Installing: /home/user/ros2_ws/src/install/px4_ros_com/local/lib/python3.10/dist-packages/px4_ros_com-0.1.0-py3.10.egg-info/PKG-INFO
[5.983s] -- Installing: /home/user/ros2_ws/src/install/px4_ros_com/local/lib/python3.10/dist-packages/px4_ros_com-0.1.0-py3.10.egg-info/dependency_links.txt
[5.983s] -- Installing: /home/user/ros2_ws/src/install/px4_ros_com/local/lib/python3.10/dist-packages/px4_ros_com
[5.983s] -- Installing: /home/user/ros2_ws/src/install/px4_ros_com/local/lib/python3.10/dist-packages/px4_ros_com/module_to_import.py
[5.983s] -- Installing: /home/user/ros2_ws/src/install/px4_ros_com/local/lib/python3.10/dist-packages/px4_ros_com/__init__.py
[6.000s] Listing '/home/user/ros2_ws/src/install/px4_ros_com/local/lib/python3.10/dist-packages/px4_ros_com'...
[6.000s] Compiling '/home/user/ros2_ws/src/install/px4_ros_com/local/lib/python3.10/dist-packages/px4_ros_com/__init__.py'...
[6.000s] Compiling '/home/user/ros2_ws/src/install/px4_ros_com/local/lib/python3.10/dist-packages/px4_ros_com/module_to_import.py'...
[6.002s] -- Installing: /home/user/ros2_ws/src/install/px4_ros_com/lib/px4_ros_com/offboard_control.py
[6.002s] -- Installing: /home/user/ros2_ws/src/install/px4_ros_com/share/ament_index/resource_index/package_run_dependencies/px4_ros_com
[6.002s] -- Installing: /home/user/ros2_ws/src/install/px4_ros_com/share/ament_index/resource_index/parent_prefix_path/px4_ros_com
[6.002s] -- Installing: /home/user/ros2_ws/src/install/px4_ros_com/share/px4_ros_com/environment/ament_prefix_path.sh
[6.002s] -- Installing: /home/user/ros2_ws/src/install/px4_ros_com/share/px4_ros_com/environment/ament_prefix_path.dsv
[6.002s] -- Installing: /home/user/ros2_ws/src/install/px4_ros_com/share/px4_ros_com/environment/path.sh
[6.002s] -- Installing: /home/user/ros2_ws/src/install/px4_ros_com/share/px4_ros_com/environment/path.dsv
[6.002s] -- Installing: /home/user/ros2_ws/src/install/px4_ros_com/share/px4_ros_com/local_setup.bash
[6.002s] -- Installing: /home/user/ros2_ws/src/install/px4_ros_com/share/px4_ros_com/local_setup.sh
[6.002s] -- Installing: /home/user/ros2_ws/src/install/px4_ros_com/share/px4_ros_com/local_setup.zsh
[6.002s] -- Installing: /home/user/ros2_ws/src/install/px4_ros_com/share/px4_ros_com/local_setup.dsv
[6.002s] -- Installing: /home/user/ros2_ws/src/install/px4_ros_com/share/px4_ros_com/package.dsv
[6.002s] -- Installing: /home/user/ros2_ws/src/install/px4_ros_com/share/ament_index/resource_index/packages/px4_ros_com
[6.003s] -- Installing: /home/user/ros2_ws/src/install/px4_ros_com/share/px4_ros_com/cmake/export_frame_transformsExport.cmake
[6.003s] -- Installing: /home/user/ros2_ws/src/install/px4_ros_com/share/px4_ros_com/cmake/export_frame_transformsExport-noconfig.cmake
[6.003s] -- Installing: /home/user/ros2_ws/src/install/px4_ros_com/share/px4_ros_com/cmake/ament_cmake_export_dependencies-extras.cmake
[6.003s] -- Installing: /home/user/ros2_ws/src/install/px4_ros_com/share/px4_ros_com/cmake/ament_cmake_export_targets-extras.cmake
[6.003s] -- Installing: /home/user/ros2_ws/src/install/px4_ros_com/share/px4_ros_com/cmake/ament_cmake_export_include_directories-extras.cmake
[6.003s] -- Installing: /home/user/ros2_ws/src/install/px4_ros_com/share/px4_ros_com/cmake/ament_cmake_export_libraries-extras.cmake
[6.003s] -- Installing: /home/user/ros2_ws/src/install/px4_ros_com/share/px4_ros_com/cmake/px4_ros_comConfig.cmake
[6.003s] -- Installing: /home/user/ros2_ws/src/install/px4_ros_com/share/px4_ros_com/cmake/px4_ros_comConfig-version.cmake
[6.003s] -- Installing: /home/user/ros2_ws/src/install/px4_ros_com/share/px4_ros_com/package.xml
[6.004s] Invoked command in '/home/user/ros2_ws/src/build/px4_ros_com' returned '0': CMAKE_PREFIX_PATH=${CMAKE_PREFIX_PATH}:/opt/ros/humble /usr/bin/cmake --install /home/user/ros2_ws/src/build/px4_ros_com
